<?xml version="1.0" encoding="UTF-8"?>
<!-- Generated by org.testng.reporters.JUnitXMLReporter -->
<testsuite ignored="0" hostname="DESKTOP-IF7542D" failures="0" tests="3" name="Submit Order Test" time="40.028" errors="0" timestamp="2024-01-18T01:44:00 IST">
  <testcase classname="rahulshettyacademy.tests.SubmitOrderE2ETest" name="SubmitOrder" time="2.693"/>
  <testcase classname="rahulshettyacademy.tests.SubmitOrderE2ETest" name="SubmitOrder" time="2.63"/>
  <testcase classname="rahulshettyacademy.tests.SubmitOrderE2ETest" name="OrderHistoryTest" time="0.996"/>
</testsuite> <!-- Submit Order Test -->
