<?xml version="1.0" encoding="UTF-8"?>
<!-- Generated by org.testng.reporters.JUnitXMLReporter -->
<testsuite ignored="0" hostname="DESKTOP-IF7542D" failures="0" tests="3" name="Submit Order Test" time="47.496" errors="0" timestamp="2024-01-20T00:41:52 IST">
  <testcase classname="rahulshettyacademy.tests.SubmitOrderE2ETest" name="SubmitOrder" time="2.688"/>
  <testcase classname="rahulshettyacademy.tests.SubmitOrderE2ETest" name="SubmitOrder" time="2.562"/>
  <testcase classname="rahulshettyacademy.tests.SubmitOrderE2ETest" name="OrderHistoryTest" time="0.482"/>
</testsuite> <!-- Submit Order Test -->
